.\IPCSDKLibs\debug\PPCS_ClientUI.ilk
.\IPCSDKLibs\debug\PPCS_ClientUI.pdb
D:\work_place\winapp\client_sdk\PC_ClientSDK\.\IPCSDKLibs\debug\PPCS_ClientUI.exe
D:\work_place\winapp\client_sdk\PC_ClientSDK\Debug\cl.command.1.tlog
D:\work_place\winapp\client_sdk\PC_ClientSDK\Debug\CL.read.1.tlog
D:\work_place\winapp\client_sdk\PC_ClientSDK\Debug\CL.write.1.tlog
D:\work_place\winapp\client_sdk\PC_ClientSDK\Debug\link.4176.read.1.tlog
D:\work_place\winapp\client_sdk\PC_ClientSDK\Debug\link.4176.write.1.tlog
D:\work_place\winapp\client_sdk\PC_ClientSDK\Debug\link.4176-cvtres.read.1.tlog
D:\work_place\winapp\client_sdk\PC_ClientSDK\Debug\link.4176-cvtres.write.1.tlog
D:\work_place\winapp\client_sdk\PC_ClientSDK\Debug\link.command.1.tlog
D:\work_place\winapp\client_sdk\PC_ClientSDK\Debug\link.read.1.tlog
D:\work_place\winapp\client_sdk\PC_ClientSDK\Debug\link.write.1.tlog
D:\work_place\winapp\client_sdk\PC_ClientSDK\Debug\link-cvtres.read.1.tlog
D:\work_place\winapp\client_sdk\PC_ClientSDK\Debug\link-cvtres.write.1.tlog
D:\work_place\winapp\client_sdk\PC_ClientSDK\Debug\mt.command.1.tlog
D:\work_place\winapp\client_sdk\PC_ClientSDK\Debug\mt.read.1.tlog
D:\work_place\winapp\client_sdk\PC_ClientSDK\Debug\mt.write.1.tlog
D:\WORK_PLACE\WINAPP\CLIENT_SDK\PC_CLIENTSDK\DEBUG\PICTURE.OBJ
D:\WORK_PLACE\WINAPP\CLIENT_SDK\PC_CLIENTSDK\DEBUG\PPCS_CLIENTUI.EXE.EMBED.MANIFEST
D:\WORK_PLACE\WINAPP\CLIENT_SDK\PC_CLIENTSDK\DEBUG\PPCS_CLIENTUI.EXE.EMBED.MANIFEST.RES
D:\WORK_PLACE\WINAPP\CLIENT_SDK\PC_CLIENTSDK\DEBUG\PPCS_CLIENTUI.EXE.INTERMEDIATE.MANIFEST
D:\WORK_PLACE\WINAPP\CLIENT_SDK\PC_CLIENTSDK\DEBUG\PPCS_CLIENTUI.OBJ
D:\WORK_PLACE\WINAPP\CLIENT_SDK\PC_CLIENTSDK\DEBUG\PPCS_CLIENTUI.PCH
D:\WORK_PLACE\WINAPP\CLIENT_SDK\PC_CLIENTSDK\DEBUG\PPCS_CLIENTUI.RES
D:\work_place\winapp\client_sdk\PC_ClientSDK\Debug\PPCS_ClientUI.write.1.tlog
D:\work_place\winapp\client_sdk\PC_ClientSDK\Debug\PPCS_ClientUI_manifest.rc
D:\WORK_PLACE\WINAPP\CLIENT_SDK\PC_CLIENTSDK\DEBUG\PPCS_CLIENTUIDLG.OBJ
D:\work_place\winapp\client_sdk\PC_ClientSDK\Debug\rc.command.1.tlog
D:\work_place\winapp\client_sdk\PC_ClientSDK\Debug\rc.read.1.tlog
D:\work_place\winapp\client_sdk\PC_ClientSDK\Debug\rc.write.1.tlog
D:\WORK_PLACE\WINAPP\CLIENT_SDK\PC_CLIENTSDK\DEBUG\STDAFX.OBJ
D:\work_place\winapp\client_sdk\PC_ClientSDK\Debug\vc100.idb
D:\WORK_PLACE\WINAPP\CLIENT_SDK\PC_CLIENTSDK\DEBUG\VC100.PDB
D:\WORK_PLACE\WINAPP\CLIENT_SDK\PC_CLIENTSDK\DEBUG\WAVE_OUT.OBJ
D:\WORK_PLACE\WINAPP\CLIENT_SDK\PC_CLIENTSDK\IPCSDKLIBS\DEBUG\PPCS_CLIENTUI.EXE
D:\WORK_PLACE\WINAPP\CLIENT_SDK\PC_CLIENTSDK\IPCSDKLIBS\DEBUG\PPCS_CLIENTUI.ILK
D:\WORK_PLACE\WINAPP\CLIENT_SDK\PC_CLIENTSDK\IPCSDKLIBS\DEBUG\PPCS_CLIENTUI.PDB
