生成启动时间为 2018/4/15 20:13:46。
     1>项目“D:\work_place\winapp\client_sdk\PC_ClientSDK\PPCS_ClientUI.vcxproj”在节点 2 上(build 个目标)。
     1>C:\Program Files (x86)\MSBuild\Microsoft.Cpp\v4.0\Microsoft.CppBuild.targets(299,5): warning MSB8004: Output 目录未以斜杠结尾。此生成实例将添加斜杠，因为必须有这个斜杠才能正确计算 Output 目录。
     1>InitializeBuildStatus:
         正在对“Debug\PPCS_ClientUI.unsuccessfulbuild”执行 Touch 任务。
       ClCompile:
         所有输出均为最新。
         所有输出均为最新。
         D:\Program Files\Microsoft Visual Studio 10.0\VC\bin\CL.exe /c /I.\IPCSDKLibs\include /I.\Private\include /ZI /nologo /W3 /WX- /Od /Oy- /D WIN32 /D _WINDOWS /D _DEBUG /D WIN32DLL /D _MBCS /D _AFXDLL /Gm /EHsc /RTC1 /MDd /GS /fp:precise /Zc:wchar_t /Zc:forScope /Fo"Debug\\" /Fd"Debug\vc100.pdb" /Gd /TP /analyze- /errorReport:prompt IPCSDKLibs\src\JSONObject.cpp
         JSONObject.cpp
     1>d:\work_place\winapp\client_sdk\pc_clientsdk\ipcsdklibs\src\jsonobject.cpp(268): warning C4800: “int”: 将值强制为布尔值“true”或“false”(性能警告)
     1>d:\work_place\winapp\client_sdk\pc_clientsdk\ipcsdklibs\src\jsonobject.cpp(562): warning C4800: “int”: 将值强制为布尔值“true”或“false”(性能警告)
         D:\Program Files\Microsoft Visual Studio 10.0\VC\bin\CL.exe /c /I.\IPCSDKLibs\include /I.\Private\include /ZI /nologo /W3 /WX- /Od /Oy- /D WIN32 /D _WINDOWS /D _DEBUG /D WIN32DLL /D _MBCS /D _AFXDLL /Gm /EHsc /RTC1 /MDd /GS /fp:precise /Zc:wchar_t /Zc:forScope /Yu"StdAfx.h" /Fp"Debug\PPCS_ClientUI.pch" /Fo"Debug\\" /Fd"Debug\vc100.pdb" /Gd /TP /analyze- /errorReport:prompt PPCS_ClientUI.cpp PPCS_ClientUIDlg.cpp
         PPCS_ClientUIDlg.cpp
     1>d:\work_place\winapp\client_sdk\pc_clientsdk\ppcs_clientuidlg.cpp(93): warning C4244: “初始化”: 从“double”转换到“unsigned int”，可能丢失数据
     1>d:\work_place\winapp\client_sdk\pc_clientsdk\ppcs_clientuidlg.cpp(1155): warning C4800: “boolean”: 将值强制为布尔值“true”或“false”(性能警告)
     1>d:\work_place\winapp\client_sdk\pc_clientsdk\ppcs_clientuidlg.cpp(1156): warning C4996: 'strncpy': This function or variable may be unsafe. Consider using strncpy_s instead. To disable deprecation, use _CRT_SECURE_NO_WARNINGS. See online help for details.
                 d:\program files\microsoft visual studio 10.0\vc\include\string.h(188) : 参见“strncpy”的声明
         正在生成代码...
         正在编译...
         PPCS_ClientUI.cpp
         正在生成代码...
         所有输出均为最新。
       ResourceCompile:
         所有输出均为最新。
       ManifestResourceCompile:
         所有输出均为最新。
       Link:
         D:\Program Files\Microsoft Visual Studio 10.0\VC\bin\link.exe /ERRORREPORT:PROMPT /OUT:".\IPCSDKLibs\debug\PPCS_ClientUI.exe" /INCREMENTAL /NOLOGO /LIBPATH:IPCSDKLibs\debug /LIBPATH:./Private/Lib IPCNetManager.lib libFBP2P.lib winmm.lib libH264Codec.lib /MANIFEST /ManifestFile:"Debug\PPCS_ClientUI.exe.intermediate.manifest" /MANIFESTUAC:"level='asInvoker' uiAccess='false'" /DEBUG /PDB:"D:\work_place\winapp\client_sdk\PC_ClientSDK\IPCSDKLibs\debug\PPCS_ClientUI.pdb" /SUBSYSTEM:WINDOWS /TLBID:1 /DYNAMICBASE /NXCOMPAT /IMPLIB:".\IPCSDKLibs\debug\PPCS_ClientUI.lib" /MACHINE:X86 Debug\PPCS_ClientUI.res
         Debug\PPCS_ClientUI.exe.embed.manifest.res
         Debug\cJSON.obj
         Debug\JSONObject.obj
         Debug\Picture.obj
         Debug\PPCS_ClientUI.obj
         Debug\PPCS_ClientUIDlg.obj
         Debug\stdafx.obj
         Debug\wave_out.obj
         libH264Codec.lib(H264CodecLib.obj) : 找到 MSIL .netmodule 或使用 /GL 编译的模块；正在使用 /LTCG 重新启动链接；将 /LTCG 添加到链接命令行以改进链接器性能
     1>LINK : warning LNK4075: 忽略“/INCREMENTAL”(由于“/LTCG”规范)
     1>LINK : warning LNK4098: 默认库“MSVCRT”与其他库的使用冲突；请使用 /NODEFAULTLIB:library
         正在生成代码
         已完成代码的生成
     1>libH264Codec.lib(H264CodecLib.obj) : warning LNK4099: 未找到 PDB“vc80.pdb”(使用“libH264Codec.lib(H264CodecLib.obj)”或在“D:\work_place\winapp\client_sdk\PC_ClientSDK\IPCSDKLibs\debug\vc80.pdb”中寻找)；正在链接对象，如同没有调试信息一样
     1>libH264Codec.lib(utils.obj) : warning LNK4099: 未找到 PDB“vc80.pdb”(使用“libH264Codec.lib(utils.obj)”或在“D:\work_place\winapp\client_sdk\PC_ClientSDK\IPCSDKLibs\debug\vc80.pdb”中寻找)；正在链接对象，如同没有调试信息一样
     1>libH264Codec.lib(h264.obj) : warning LNK4099: 未找到 PDB“vc80.pdb”(使用“libH264Codec.lib(h264.obj)”或在“D:\work_place\winapp\client_sdk\PC_ClientSDK\IPCSDKLibs\debug\vc80.pdb”中寻找)；正在链接对象，如同没有调试信息一样
     1>libH264Codec.lib(mem.obj) : warning LNK4099: 未找到 PDB“vc80.pdb”(使用“libH264Codec.lib(mem.obj)”或在“D:\work_place\winapp\client_sdk\PC_ClientSDK\IPCSDKLibs\debug\vc80.pdb”中寻找)；正在链接对象，如同没有调试信息一样
     1>libH264Codec.lib(dsputil.obj) : warning LNK4099: 未找到 PDB“vc80.pdb”(使用“libH264Codec.lib(dsputil.obj)”或在“D:\work_place\winapp\client_sdk\PC_ClientSDK\IPCSDKLibs\debug\vc80.pdb”中寻找)；正在链接对象，如同没有调试信息一样
     1>libH264Codec.lib(imgconvert.obj) : warning LNK4099: 未找到 PDB“vc80.pdb”(使用“libH264Codec.lib(imgconvert.obj)”或在“D:\work_place\winapp\client_sdk\PC_ClientSDK\IPCSDKLibs\debug\vc80.pdb”中寻找)；正在链接对象，如同没有调试信息一样
     1>libH264Codec.lib(log.obj) : warning LNK4099: 未找到 PDB“vc80.pdb”(使用“libH264Codec.lib(log.obj)”或在“D:\work_place\winapp\client_sdk\PC_ClientSDK\IPCSDKLibs\debug\vc80.pdb”中寻找)；正在链接对象，如同没有调试信息一样
     1>libH264Codec.lib(rational.obj) : warning LNK4099: 未找到 PDB“vc80.pdb”(使用“libH264Codec.lib(rational.obj)”或在“D:\work_place\winapp\client_sdk\PC_ClientSDK\IPCSDKLibs\debug\vc80.pdb”中寻找)；正在链接对象，如同没有调试信息一样
     1>libH264Codec.lib(opt.obj) : warning LNK4099: 未找到 PDB“vc80.pdb”(使用“libH264Codec.lib(opt.obj)”或在“D:\work_place\winapp\client_sdk\PC_ClientSDK\IPCSDKLibs\debug\vc80.pdb”中寻找)；正在链接对象，如同没有调试信息一样
     1>libH264Codec.lib(parser.obj) : warning LNK4099: 未找到 PDB“vc80.pdb”(使用“libH264Codec.lib(parser.obj)”或在“D:\work_place\winapp\client_sdk\PC_ClientSDK\IPCSDKLibs\debug\vc80.pdb”中寻找)；正在链接对象，如同没有调试信息一样
     1>libH264Codec.lib(golomb.obj) : warning LNK4099: 未找到 PDB“vc80.pdb”(使用“libH264Codec.lib(golomb.obj)”或在“D:\work_place\winapp\client_sdk\PC_ClientSDK\IPCSDKLibs\debug\vc80.pdb”中寻找)；正在链接对象，如同没有调试信息一样
     1>libH264Codec.lib(error_resilience.obj) : warning LNK4099: 未找到 PDB“vc80.pdb”(使用“libH264Codec.lib(error_resilience.obj)”或在“D:\work_place\winapp\client_sdk\PC_ClientSDK\IPCSDKLibs\debug\vc80.pdb”中寻找)；正在链接对象，如同没有调试信息一样
     1>libH264Codec.lib(h264idct.obj) : warning LNK4099: 未找到 PDB“vc80.pdb”(使用“libH264Codec.lib(h264idct.obj)”或在“D:\work_place\winapp\client_sdk\PC_ClientSDK\IPCSDKLibs\debug\vc80.pdb”中寻找)；正在链接对象，如同没有调试信息一样
     1>libH264Codec.lib(h264pred.obj) : warning LNK4099: 未找到 PDB“vc80.pdb”(使用“libH264Codec.lib(h264pred.obj)”或在“D:\work_place\winapp\client_sdk\PC_ClientSDK\IPCSDKLibs\debug\vc80.pdb”中寻找)；正在链接对象，如同没有调试信息一样
     1>libH264Codec.lib(mpegvideo.obj) : warning LNK4099: 未找到 PDB“vc80.pdb”(使用“libH264Codec.lib(mpegvideo.obj)”或在“D:\work_place\winapp\client_sdk\PC_ClientSDK\IPCSDKLibs\debug\vc80.pdb”中寻找)；正在链接对象，如同没有调试信息一样
     1>libH264Codec.lib(cabac.obj) : warning LNK4099: 未找到 PDB“vc80.pdb”(使用“libH264Codec.lib(cabac.obj)”或在“D:\work_place\winapp\client_sdk\PC_ClientSDK\IPCSDKLibs\debug\vc80.pdb”中寻找)；正在链接对象，如同没有调试信息一样
     1>libH264Codec.lib(bitstream.obj) : warning LNK4099: 未找到 PDB“vc80.pdb”(使用“libH264Codec.lib(bitstream.obj)”或在“D:\work_place\winapp\client_sdk\PC_ClientSDK\IPCSDKLibs\debug\vc80.pdb”中寻找)；正在链接对象，如同没有调试信息一样
     1>libH264Codec.lib(h264_parser.obj) : warning LNK4099: 未找到 PDB“vc80.pdb”(使用“libH264Codec.lib(h264_parser.obj)”或在“D:\work_place\winapp\client_sdk\PC_ClientSDK\IPCSDKLibs\debug\vc80.pdb”中寻找)；正在链接对象，如同没有调试信息一样
     1>libH264Codec.lib(jrevdct.obj) : warning LNK4099: 未找到 PDB“vc80.pdb”(使用“libH264Codec.lib(jrevdct.obj)”或在“D:\work_place\winapp\client_sdk\PC_ClientSDK\IPCSDKLibs\debug\vc80.pdb”中寻找)；正在链接对象，如同没有调试信息一样
       Manifest:
         C:\Program Files (x86)\Microsoft SDKs\Windows\v7.0A\bin\mt.exe /nologo /verbose /out:"Debug\PPCS_ClientUI.exe.embed.manifest" /manifest Debug\PPCS_ClientUI.exe.intermediate.manifest "D:\Program Files\Microsoft Visual Studio 10.0\VC\Include\Manifest\dpiaware.manifest"
         所有输出均为最新。
       LinkEmbedManifest:
         所有输出均为最新。
         PPCS_ClientUI.vcxproj -> D:\work_place\winapp\client_sdk\PC_ClientSDK\.\IPCSDKLibs\debug\PPCS_ClientUI.exe
       FinalizeBuildStatus:
         正在删除文件“Debug\PPCS_ClientUI.unsuccessfulbuild”。
         正在对“Debug\PPCS_ClientUI.lastbuildstate”执行 Touch 任务。
     1>已完成生成项目“D:\work_place\winapp\client_sdk\PC_ClientSDK\PPCS_ClientUI.vcxproj”(build 个目标)的操作。

生成成功。

已用时间 00:00:13.15
