生成启动时间为 2017/12/30 10:20:47。
     1>项目“D:\work_place\winapp\client_sdk\PC_ClientSDK\PPCS_ClientUI.vcxproj”在节点 2 上(build 个目标)。
     1>C:\Program Files (x86)\MSBuild\Microsoft.Cpp\v4.0\Microsoft.CppBuild.targets(299,5): warning MSB8004: Output 目录未以斜杠结尾。此生成实例将添加斜杠，因为必须有这个斜杠才能正确计算 Output 目录。
     1>InitializeBuildStatus:
         正在创建“Release\PPCS_ClientUI.unsuccessfulbuild”，因为已指定“AlwaysCreate”。
       ClCompile:
         所有输出均为最新。
         所有输出均为最新。
         所有输出均为最新。
       ResourceCompile:
         所有输出均为最新。
       Link:
         D:\Program Files\Microsoft Visual Studio 10.0\VC\bin\link.exe /ERRORREPORT:PROMPT /OUT:".\IPCSDKLibs\release\PPCS_ClientUI.exe" /INCREMENTAL:NO /NOLOGO /LIBPATH:.\IPCSDKLibs\release /LIBPATH:.\Private\lib IPCNetManager.lib libFBP2P.lib winmm.lib libH264Codec.lib /MANIFEST /ManifestFile:"Release\PPCS_ClientUI.exe.intermediate.manifest" /MANIFESTUAC:"level='asInvoker' uiAccess='false'" /DEBUG /PDB:"D:\work_place\winapp\client_sdk\PC_ClientSDK\IPCSDKLibs\release\PPCS_ClientUI.pdb" /SUBSYSTEM:WINDOWS /OPT:REF /OPT:ICF /LTCG /TLBID:1 /DYNAMICBASE /NXCOMPAT /IMPLIB:".\IPCSDKLibs\release\PPCS_ClientUI.lib" /MACHINE:X86 Release\PPCS_ClientUI.res
         Release\Picture.obj
         Release\PPCS_ClientUI.obj
         Release\PPCS_ClientUIDlg.obj
         Release\stdafx.obj
         Release\wave_out.obj
         正在生成代码
         已完成代码的生成
         PPCS_ClientUI.vcxproj -> D:\work_place\winapp\client_sdk\PC_ClientSDK\.\IPCSDKLibs\release\PPCS_ClientUI.exe
       Manifest:
         C:\Program Files (x86)\Microsoft SDKs\Windows\v7.0A\bin\mt.exe /nologo /verbose /outputresource:".\IPCSDKLibs\release\PPCS_ClientUI.exe;#1" /manifest Release\PPCS_ClientUI.exe.intermediate.manifest "D:\Program Files\Microsoft Visual Studio 10.0\VC\Include\Manifest\dpiaware.manifest"
       FinalizeBuildStatus:
         正在删除文件“Release\PPCS_ClientUI.unsuccessfulbuild”。
         正在对“Release\PPCS_ClientUI.lastbuildstate”执行 Touch 任务。
     1>已完成生成项目“D:\work_place\winapp\client_sdk\PC_ClientSDK\PPCS_ClientUI.vcxproj”(build 个目标)的操作。

生成成功。

已用时间 00:00:00.71
